<?xml version="1.0" encoding="UTF-8"?>
<!-- Generated by org.testng.reporters.JUnitReportReporter -->
<testsuite skipped="0" hostname="LAPTOP-2MS9PO4S" name="expediaTest.ExpediaFlights" tests="1" failures="0" timestamp="2020-11-30T21:50:59 IST" time="6.199" errors="0">
  <testcase name="testSearchFlightOneWay" time="6.199" classname="expediaTest.ExpediaFlights"/>
  <system-out/>
</testsuite> <!-- expediaTest.ExpediaFlights -->
