<?xml version="1.0" encoding="UTF-8"?>
<!-- Generated by org.testng.reporters.JUnitReportReporter -->
<testsuite skipped="2" hostname="LAPTOP-2MS9PO4S" name="frameworkUtils.XlsxReaderTest" tests="3" failures="0" timestamp="2020-11-17T21:53:05 IST" time="0.049" errors="0">
  <testcase name="getDataTestStringStringString" time="0.049" classname="frameworkUtils.XlsxReaderTest"/>
  <system-out/>
  <testcase name="getDataTestStringintint" classname="frameworkUtils.XlsxReaderTest">
    <skipped/>
  </testcase> <!-- getDataTestStringintint -->
  <system-out/>
  <testcase name="getDataTestStringStringint" classname="frameworkUtils.XlsxReaderTest">
    <skipped/>
  </testcase> <!-- getDataTestStringStringint -->
  <system-out/>
</testsuite> <!-- frameworkUtils.XlsxReaderTest -->
