<?xml version="1.0" encoding="UTF-8"?>
<!-- Generated by org.testng.reporters.JUnitReportReporter -->
<testsuite skipped="0" hostname="LAPTOP-2MS9PO4S" name="frameworkUtils.DriverScriptTest" tests="1" failures="0" timestamp="2020-11-18T21:39:24 IST" time="6.424" errors="0">
  <testcase name="launchBrowserTest" time="6.424" classname="frameworkUtils.DriverScriptTest"/>
  <system-out/>
</testsuite> <!-- frameworkUtils.DriverScriptTest -->
